1.1233 	WARNING 	We strongly recommend you activate the PTB sound engine in PsychoPy prefs as the preferred audio engine. Its timing is vastly superior. Your prefs are currently set to use ['sounddevice', 'PTB', 'pyo', 'pygame'] (in that order).
9.1019 	WARNING 	Couldn't measure a consistent frame rate!
  - Is your graphics card set to sync to vertical blank?
  - Are you running other processes on your computer?

9.1035 	EXP 	Created window1 = Window(allowGUI=True, allowStencil=False, autoLog=True, backendConf=UNKNOWN, bitsMode=UNKNOWN, blendMode='avg', bpc=(8, 8, 8), color=array([0, 0, 0]), colorSpace='rgb', depthBits=8, fullscr=<method-wrapper '__getattribute__' of attributeSetter object at 0x7fb83cb9d970>, gamma=None, gammaErrorPolicy='raise', lms=UNKNOWN, monitor=<psychopy.monitors.calibTools.Monitor object at 0x7fb7cc1f7100>, multiSample=False, name='window1', numSamples=2, pos=(820, 430), screen=0, size=array([2400, 1600]), stencilBits=0, stereo=False, units='height', useFBO=True, useRetina=True, viewOri=0.0, viewPos=None, viewScale=None, waitBlanking=True, winType='pyglet')
9.1038 	EXP 	window1: mouseVisible = True
9.1040 	EXP 	window1: mouseVisible = True
9.1040 	EXP 	window1: Attempting to measure frame rate of screen (0) ...
9.1041 	EXP 	window1: recordFrameIntervals = False
9.1850 	EXP 	window1: recordFrameIntervals = True
10.0185 	WARNING 	Couldn't measure a consistent frame rate!
  - Is your graphics card set to sync to vertical blank?
  - Are you running other processes on your computer?

10.0786 	WARNING 	launchHubServer: If using the iohub mouse or eyetracker devices, fullScr should be True.
11.9784 	EXP 	Created left_stimuli = ImageStim(__class__=<class 'psychopy.visual.image.ImageStim'>, anchor=('center', 'center'), autoLog=True, color=array([1, 1, 1]), colorSpace='rgb', contrast=1.0, depth=0.0, flipHoriz=False, flipVert=False, image='sin', interpolate=True, mask=None, maskParams=None, name='left_stimuli', opacity=1.0, ori=0.0, pos=array([-0.3,  0.2]), size=array([0.3, 0.3]), texRes=128, units='height', win=Window(...))
11.9812 	EXP 	Created right_stimuli = ImageStim(__class__=<class 'psychopy.visual.image.ImageStim'>, anchor=('center', 'center'), autoLog=True, color=array([1, 1, 1]), colorSpace='rgb', contrast=1.0, depth=-1.0, flipHoriz=False, flipVert=False, image='sin', interpolate=True, mask=None, maskParams=None, name='right_stimuli', opacity=1.0, ori=0.0, pos=array([0.3, 0.2]), size=array([0.3, 0.3]), texRes=128.0, units='height', win=Window(...))
11.9838 	EXP 	Created target_stim = ImageStim(__class__=<class 'psychopy.visual.image.ImageStim'>, anchor=('center', 'center'), autoLog=True, color=array([1, 1, 1]), colorSpace='rgb', contrast=1.0, depth=-2.0, flipHoriz=False, flipVert=False, image='sin', interpolate=True, mask=None, maskParams=None, name='target_stim', opacity=1.0, ori=0.0, pos=array([ 0. , -0.2]), size=array([0.3, 0.3]), texRes=128.0, units='height', win=Window(...))
11.9866 	EXP 	Created fix_cross = ShapeStim(__class__=<class 'psychopy.visual.shape.ShapeStim'>, anchor=('center', 'center'), autoDraw=False, autoLog=True, closeShape=True, color=method-wrapper(...), colorSpace='rgb', contrast=None, depth=-1.0, fillColor=array([1, 1, 1]), fillColorSpace='rgb', fillRGB=array([1, 1, 1]), interpolate=True, lineColor=array([1, 1, 1]), lineColorSpace='rgb', lineRGB=array([1, 1, 1]), lineWidth=1.0, name='fix_cross', opacity=1.0, ori=0.0, pos=array([0., 0.]), size=array([0.1, 0.1]), units='height', vertices=ndarray(...), win=Window(...), windingRule=None)
11.9954 	EXP 	Imported chooseBlocksA.xlsx as conditions, 9 conditions, 3 params
11.9964 	EXP 	Created sequence: sequential, trialTypes=9, nReps=2, seed=None
11.9967 	EXP 	New trial (rep=0, index=0): {'condsFile': 'shapes.xlsx', 'readyMSG': 'Comparez les formes', 'jitter': 3}
12.0233 	WARNING 	t of last frame was 2005.18ms (=1/0)
12.0233 	EXP 	textbox: autoLog = True
12.0233 	EXP 	textbox: autoDraw = True
14.0012 	EXP 	Imported shapes.xlsx as conditions, 12 conditions, 5 params
14.0036 	EXP 	Created sequence: random, trialTypes=12, nReps=1, seed=None
14.0040 	EXP 	New trial (rep=0, index=0): {'condition': 'shapes', 'stimuli_left': 'vertical.png', 'stimuli_right': 'circle.png', 'target': 'circle.png', 'correct_answer': 2}
14.0576 	WARNING 	t of last frame was 66.92ms (=1/14)
14.0576 	EXP 	textbox: autoDraw = False
14.0576 	EXP 	left_stimuli: image = 'vertical.png'
14.0576 	EXP 	right_stimuli: image = 'circle.png'
14.0576 	EXP 	target_stim: image = 'circle.png'
14.4774 	EXP 	left_stimuli: autoDraw = True
14.4774 	EXP 	right_stimuli: autoDraw = True
14.4774 	EXP 	target_stim: autoDraw = True
18.4709 	EXP 	New trial (rep=0, index=1): {'condition': 'shapes', 'stimuli_left': 'circle.png', 'stimuli_right': 'vertical.png', 'target': 'vertical.png', 'correct_answer': 2}
18.5222 	WARNING 	t of last frame was 54.10ms (=1/18)
18.5222 	EXP 	left_stimuli: autoDraw = False
18.5222 	EXP 	right_stimuli: autoDraw = False
18.5222 	EXP 	target_stim: autoDraw = False
18.5222 	EXP 	left_stimuli: autoDraw = False
18.5222 	EXP 	right_stimuli: autoDraw = False
18.5222 	EXP 	target_stim: autoDraw = False
18.5222 	EXP 	left_stimuli: image = 'circle.png'
18.5222 	EXP 	right_stimuli: image = 'vertical.png'
18.5222 	EXP 	target_stim: image = 'vertical.png'
18.9848 	EXP 	left_stimuli: autoDraw = True
18.9848 	EXP 	right_stimuli: autoDraw = True
18.9848 	EXP 	target_stim: autoDraw = True
22.9694 	EXP 	New trial (rep=0, index=2): {'condition': 'shapes', 'stimuli_left': 'vertical.png', 'stimuli_right': 'orizontal.png', 'target': 'vertical.png', 'correct_answer': 1}
23.0199 	WARNING 	t of last frame was 51.79ms (=1/19)
23.0199 	EXP 	left_stimuli: autoDraw = False
23.0199 	EXP 	right_stimuli: autoDraw = False
23.0199 	EXP 	target_stim: autoDraw = False
23.0199 	EXP 	left_stimuli: autoDraw = False
23.0199 	EXP 	right_stimuli: autoDraw = False
23.0199 	EXP 	target_stim: autoDraw = False
23.0199 	EXP 	left_stimuli: image = 'vertical.png'
23.0199 	EXP 	right_stimuli: image = 'orizontal.png'
23.0199 	EXP 	target_stim: image = 'vertical.png'
23.4848 	EXP 	left_stimuli: autoDraw = True
23.4848 	EXP 	right_stimuli: autoDraw = True
23.4848 	EXP 	target_stim: autoDraw = True
27.4691 	EXP 	New trial (rep=0, index=3): {'condition': 'shapes', 'stimuli_left': 'circle.png', 'stimuli_right': 'orizontal.png', 'target': 'orizontal.png', 'correct_answer': 2}
27.5231 	WARNING 	Multiple dropped frames have occurred - I'll stop bothering you about them!
27.5231 	EXP 	left_stimuli: autoDraw = False
27.5231 	EXP 	right_stimuli: autoDraw = False
27.5231 	EXP 	target_stim: autoDraw = False
27.5231 	EXP 	left_stimuli: autoDraw = False
27.5231 	EXP 	right_stimuli: autoDraw = False
27.5231 	EXP 	target_stim: autoDraw = False
27.5231 	EXP 	left_stimuli: image = 'circle.png'
27.5231 	EXP 	right_stimuli: image = 'orizontal.png'
27.5231 	EXP 	target_stim: image = 'orizontal.png'
27.9849 	EXP 	left_stimuli: autoDraw = True
27.9849 	EXP 	right_stimuli: autoDraw = True
27.9849 	EXP 	target_stim: autoDraw = True
31.9697 	EXP 	New trial (rep=0, index=4): {'condition': 'shapes', 'stimuli_left': 'orizontal.png', 'stimuli_right': 'circle.png', 'target': 'circle.png', 'correct_answer': 2}
32.0230 	EXP 	left_stimuli: autoDraw = False
32.0230 	EXP 	right_stimuli: autoDraw = False
32.0230 	EXP 	target_stim: autoDraw = False
32.0230 	EXP 	left_stimuli: autoDraw = False
32.0230 	EXP 	right_stimuli: autoDraw = False
32.0230 	EXP 	target_stim: autoDraw = False
32.0230 	EXP 	left_stimuli: image = 'orizontal.png'
32.0230 	EXP 	right_stimuli: image = 'circle.png'
32.0230 	EXP 	target_stim: image = 'circle.png'
32.4848 	EXP 	left_stimuli: autoDraw = True
32.4848 	EXP 	right_stimuli: autoDraw = True
32.4848 	EXP 	target_stim: autoDraw = True
36.4691 	EXP 	New trial (rep=0, index=5): {'condition': 'shapes', 'stimuli_left': 'circle.png', 'stimuli_right': 'vertical.png', 'target': 'circle.png', 'correct_answer': 1}
36.5188 	EXP 	left_stimuli: autoDraw = False
36.5188 	EXP 	right_stimuli: autoDraw = False
36.5188 	EXP 	target_stim: autoDraw = False
36.5188 	EXP 	left_stimuli: autoDraw = False
36.5188 	EXP 	right_stimuli: autoDraw = False
36.5188 	EXP 	target_stim: autoDraw = False
36.5188 	EXP 	left_stimuli: image = 'circle.png'
36.5188 	EXP 	right_stimuli: image = 'vertical.png'
36.5188 	EXP 	target_stim: image = 'circle.png'
36.9850 	EXP 	left_stimuli: autoDraw = True
36.9850 	EXP 	right_stimuli: autoDraw = True
36.9850 	EXP 	target_stim: autoDraw = True
37.3014 	DATA 	Keypress: escape
37.6674 	EXP 	window1: mouseVisible = True
