1.0444 	WARNING 	We strongly recommend you activate the PTB sound engine in PsychoPy prefs as the preferred audio engine. Its timing is vastly superior. Your prefs are currently set to use ['sounddevice', 'PTB', 'pyo', 'pygame'] (in that order).
7.1117 	WARNING 	Couldn't measure a consistent frame rate!
  - Is your graphics card set to sync to vertical blank?
  - Are you running other processes on your computer?

7.1131 	EXP 	Created window1 = Window(allowGUI=True, allowStencil=False, autoLog=True, backendConf=UNKNOWN, bitsMode=UNKNOWN, blendMode='avg', bpc=(8, 8, 8), color=array([0, 0, 0]), colorSpace='rgb', depthBits=8, fullscr=<method-wrapper '__getattribute__' of attributeSetter object at 0x7fbf83de39d0>, gamma=None, gammaErrorPolicy='raise', lms=UNKNOWN, monitor=<psychopy.monitors.calibTools.Monitor object at 0x7fbf5ff66fd0>, multiSample=False, name='window1', numSamples=2, pos=(820, 430), screen=0, size=array([2400, 1600]), stencilBits=0, stereo=False, units='height', useFBO=True, useRetina=True, viewOri=0.0, viewPos=None, viewScale=None, waitBlanking=True, winType='pyglet')
7.1136 	EXP 	window1: mouseVisible = True
7.1138 	EXP 	window1: mouseVisible = True
7.1138 	EXP 	window1: Attempting to measure frame rate of screen (0) ...
7.1139 	EXP 	window1: recordFrameIntervals = False
7.1950 	EXP 	window1: recordFrameIntervals = True
8.0344 	WARNING 	Couldn't measure a consistent frame rate!
  - Is your graphics card set to sync to vertical blank?
  - Are you running other processes on your computer?

8.0937 	WARNING 	launchHubServer: If using the iohub mouse or eyetracker devices, fullScr should be True.
9.9956 	EXP 	Created left_stimuli = ImageStim(__class__=<class 'psychopy.visual.image.ImageStim'>, anchor=('center', 'center'), autoLog=True, color=array([1, 1, 1]), colorSpace='rgb', contrast=1.0, depth=0.0, flipHoriz=False, flipVert=False, image='sin', interpolate=True, mask=None, maskParams=None, name='left_stimuli', opacity=1.0, ori=0.0, pos=array([-0.3,  0.2]), size=array([0.3, 0.3]), texRes=128, units='height', win=Window(...))
9.9987 	EXP 	Created right_stimuli = ImageStim(__class__=<class 'psychopy.visual.image.ImageStim'>, anchor=('center', 'center'), autoLog=True, color=array([1, 1, 1]), colorSpace='rgb', contrast=1.0, depth=-1.0, flipHoriz=False, flipVert=False, image='sin', interpolate=True, mask=None, maskParams=None, name='right_stimuli', opacity=1.0, ori=0.0, pos=array([0.3, 0.2]), size=array([0.3, 0.3]), texRes=128.0, units='height', win=Window(...))
10.0013 	EXP 	Created target_stim = ImageStim(__class__=<class 'psychopy.visual.image.ImageStim'>, anchor=('center', 'center'), autoLog=True, color=array([1, 1, 1]), colorSpace='rgb', contrast=1.0, depth=-2.0, flipHoriz=False, flipVert=False, image='sin', interpolate=True, mask=None, maskParams=None, name='target_stim', opacity=1.0, ori=0.0, pos=array([ 0. , -0.2]), size=array([0.3, 0.3]), texRes=128.0, units='height', win=Window(...))
10.0038 	EXP 	Created fix_cross = ShapeStim(__class__=<class 'psychopy.visual.shape.ShapeStim'>, anchor=('center', 'center'), autoDraw=False, autoLog=True, closeShape=True, color=method-wrapper(...), colorSpace='rgb', contrast=None, depth=-1.0, fillColor=array([1, 1, 1]), fillColorSpace='rgb', fillRGB=array([1, 1, 1]), interpolate=True, lineColor=array([1, 1, 1]), lineColorSpace='rgb', lineRGB=array([1, 1, 1]), lineWidth=1.0, name='fix_cross', opacity=1.0, ori=0.0, pos=array([0., 0.]), size=array([0.1, 0.1]), units='height', vertices=ndarray(...), win=Window(...), windingRule=None)
10.0111 	EXP 	Imported chooseBlocksA.xlsx as conditions, 9 conditions, 3 params
10.0120 	EXP 	Created sequence: sequential, trialTypes=9, nReps=2, seed=None
10.0123 	EXP 	New trial (rep=0, index=0): {'condsFile': 'shapes.xlsx', 'readyMSG': 'Comparez les formes', 'jitter': 3}
10.0514 	WARNING 	t of last frame was 2017.34ms (=1/0)
10.0514 	EXP 	textbox: autoLog = True
10.0514 	EXP 	textbox: autoDraw = True
12.0218 	EXP 	Imported shapes.xlsx as conditions, 12 conditions, 5 params
12.0240 	EXP 	Created sequence: random, trialTypes=12, nReps=1, seed=None
12.0243 	EXP 	New trial (rep=0, index=0): {'condition': 'shapes', 'stimuli_left': 'circle.png', 'stimuli_right': 'vertical.png', 'target': 'vertical.png', 'correct_answer': 2}
12.0751 	WARNING 	t of last frame was 63.98ms (=1/15)
12.0751 	EXP 	textbox: autoDraw = False
12.0751 	EXP 	left_stimuli: image = 'circle.png'
12.0751 	EXP 	right_stimuli: image = 'vertical.png'
12.0751 	EXP 	target_stim: image = 'vertical.png'
12.5060 	EXP 	left_stimuli: autoDraw = True
12.5060 	EXP 	right_stimuli: autoDraw = True
12.5060 	EXP 	target_stim: autoDraw = True
16.4972 	EXP 	New trial (rep=0, index=1): {'condition': 'shapes', 'stimuli_left': 'orizontal.png', 'stimuli_right': 'vertical.png', 'target': 'orizontal.png', 'correct_answer': 1}
16.5544 	WARNING 	t of last frame was 59.73ms (=1/16)
16.5544 	EXP 	left_stimuli: autoDraw = False
16.5544 	EXP 	right_stimuli: autoDraw = False
16.5544 	EXP 	target_stim: autoDraw = False
16.5544 	EXP 	left_stimuli: autoDraw = False
16.5544 	EXP 	right_stimuli: autoDraw = False
16.5544 	EXP 	target_stim: autoDraw = False
16.5544 	EXP 	left_stimuli: image = 'orizontal.png'
16.5544 	EXP 	right_stimuli: image = 'vertical.png'
16.5544 	EXP 	target_stim: image = 'orizontal.png'
17.0004 	EXP 	left_stimuli: autoDraw = True
17.0004 	EXP 	right_stimuli: autoDraw = True
17.0004 	EXP 	target_stim: autoDraw = True
20.9856 	EXP 	New trial (rep=0, index=2): {'condition': 'shapes', 'stimuli_left': 'circle.png', 'stimuli_right': 'vertical.png', 'target': 'circle.png', 'correct_answer': 1}
21.0390 	WARNING 	t of last frame was 54.59ms (=1/18)
21.0390 	EXP 	left_stimuli: autoDraw = False
21.0390 	EXP 	right_stimuli: autoDraw = False
21.0390 	EXP 	target_stim: autoDraw = False
21.0390 	EXP 	left_stimuli: autoDraw = False
21.0390 	EXP 	right_stimuli: autoDraw = False
21.0390 	EXP 	target_stim: autoDraw = False
21.0390 	EXP 	left_stimuli: image = 'circle.png'
21.0390 	EXP 	right_stimuli: image = 'vertical.png'
21.0390 	EXP 	target_stim: image = 'circle.png'
21.5012 	EXP 	left_stimuli: autoDraw = True
21.5012 	EXP 	right_stimuli: autoDraw = True
21.5012 	EXP 	target_stim: autoDraw = True
25.4853 	EXP 	New trial (rep=0, index=3): {'condition': 'shapes', 'stimuli_left': 'orizontal.png', 'stimuli_right': 'circle.png', 'target': 'orizontal.png', 'correct_answer': 1}
25.5413 	WARNING 	Multiple dropped frames have occurred - I'll stop bothering you about them!
25.5412 	EXP 	left_stimuli: autoDraw = False
25.5412 	EXP 	right_stimuli: autoDraw = False
25.5412 	EXP 	target_stim: autoDraw = False
25.5412 	EXP 	left_stimuli: autoDraw = False
25.5412 	EXP 	right_stimuli: autoDraw = False
25.5412 	EXP 	target_stim: autoDraw = False
25.5412 	EXP 	left_stimuli: image = 'orizontal.png'
25.5412 	EXP 	right_stimuli: image = 'circle.png'
25.5412 	EXP 	target_stim: image = 'orizontal.png'
26.0004 	EXP 	left_stimuli: autoDraw = True
26.0004 	EXP 	right_stimuli: autoDraw = True
26.0004 	EXP 	target_stim: autoDraw = True
29.9854 	EXP 	New trial (rep=0, index=4): {'condition': 'shapes', 'stimuli_left': 'vertical.png', 'stimuli_right': 'circle.png', 'target': 'vertical.png', 'correct_answer': 1}
30.0377 	EXP 	left_stimuli: autoDraw = False
30.0377 	EXP 	right_stimuli: autoDraw = False
30.0377 	EXP 	target_stim: autoDraw = False
30.0377 	EXP 	left_stimuli: autoDraw = False
30.0377 	EXP 	right_stimuli: autoDraw = False
30.0377 	EXP 	target_stim: autoDraw = False
30.0377 	EXP 	left_stimuli: image = 'vertical.png'
30.0377 	EXP 	right_stimuli: image = 'circle.png'
30.0377 	EXP 	target_stim: image = 'vertical.png'
30.5020 	EXP 	left_stimuli: autoDraw = True
30.5020 	EXP 	right_stimuli: autoDraw = True
30.5020 	EXP 	target_stim: autoDraw = True
34.4859 	EXP 	New trial (rep=0, index=5): {'condition': 'shapes', 'stimuli_left': 'vertical.png', 'stimuli_right': 'orizontal.png', 'target': 'orizontal.png', 'correct_answer': 2}
34.5390 	EXP 	left_stimuli: autoDraw = False
34.5390 	EXP 	right_stimuli: autoDraw = False
34.5390 	EXP 	target_stim: autoDraw = False
34.5390 	EXP 	left_stimuli: autoDraw = False
34.5390 	EXP 	right_stimuli: autoDraw = False
34.5390 	EXP 	target_stim: autoDraw = False
34.5390 	EXP 	left_stimuli: image = 'vertical.png'
34.5390 	EXP 	right_stimuli: image = 'orizontal.png'
34.5390 	EXP 	target_stim: image = 'orizontal.png'
35.0003 	EXP 	left_stimuli: autoDraw = True
35.0003 	EXP 	right_stimuli: autoDraw = True
35.0003 	EXP 	target_stim: autoDraw = True
38.9948 	EXP 	left_stimuli: autoDraw = False
38.9948 	EXP 	right_stimuli: autoDraw = False
38.9948 	EXP 	target_stim: autoDraw = False
38.9948 	EXP 	left_stimuli: autoDraw = False
38.9948 	EXP 	right_stimuli: autoDraw = False
38.9948 	EXP 	target_stim: autoDraw = False
39.0038 	EXP 	fix_cross: autoDraw = True
40.8768 	DATA 	Keypress: escape
41.1990 	EXP 	window1: mouseVisible = True
