1.4974 	WARNING 	We strongly recommend you activate the PTB sound engine in PsychoPy prefs as the preferred audio engine. Its timing is vastly superior. Your prefs are currently set to use ['sounddevice', 'PTB', 'pyo', 'pygame'] (in that order).
6.9979 	DATA 	Mouse: wheel shift=(0,0), pos=(28,682)
7.0282 	DATA 	Mouse: wheel shift=(0,0), pos=(28,682)
7.0447 	DATA 	Mouse: wheel shift=(0,0), pos=(28,682)
7.0580 	DATA 	Mouse: wheel shift=(0,0), pos=(30,684)
7.1790 	DATA 	Mouse: wheel shift=(0,0), pos=(70,741)
7.4112 	WARNING 	Couldn't measure a consistent frame rate!
  - Is your graphics card set to sync to vertical blank?
  - Are you running other processes on your computer?

7.4122 	EXP 	Created window1 = Window(allowGUI=True, allowStencil=False, autoLog=True, backendConf=UNKNOWN, bitsMode=UNKNOWN, blendMode='avg', bpc=(8, 8, 8), color=array([0, 0, 0]), colorSpace='rgb', depthBits=8, fullscr=<method-wrapper '__getattribute__' of attributeSetter object at 0x7fcf643f4880>, gamma=None, gammaErrorPolicy='raise', lms=UNKNOWN, monitor=<psychopy.monitors.calibTools.Monitor object at 0x7fcf66fef130>, multiSample=False, name='window1', numSamples=2, pos=(820, 430), screen=0, size=array([2400, 1600]), stencilBits=0, stereo=False, units='height', useFBO=True, useRetina=True, viewOri=0.0, viewPos=None, viewScale=None, waitBlanking=True, winType='pyglet')
7.4125 	EXP 	window1: mouseVisible = True
7.4126 	EXP 	window1: mouseVisible = True
7.4127 	EXP 	window1: Attempting to measure frame rate of screen (0) ...
7.4127 	EXP 	window1: recordFrameIntervals = False
7.4944 	EXP 	window1: recordFrameIntervals = True
8.3442 	WARNING 	Couldn't measure a consistent frame rate!
  - Is your graphics card set to sync to vertical blank?
  - Are you running other processes on your computer?

8.4041 	WARNING 	launchHubServer: If using the iohub mouse or eyetracker devices, fullScr should be True.
11.0519 	EXP 	Created left_stimuli = ImageStim(__class__=<class 'psychopy.visual.image.ImageStim'>, anchor=('center', 'center'), autoLog=True, color=array([1, 1, 1]), colorSpace='rgb', contrast=1.0, depth=-1.0, flipHoriz=False, flipVert=False, image='sin', interpolate=True, mask=None, maskParams=None, name='left_stimuli', opacity=1.0, ori=0.0, pos=array([-0.3,  0.2]), size=array([0.15, 0.15]), texRes=128, units='height', win=Window(...))
11.0552 	EXP 	Created right_stimuli = ImageStim(__class__=<class 'psychopy.visual.image.ImageStim'>, anchor=('center', 'center'), autoLog=True, color=array([1, 1, 1]), colorSpace='rgb', contrast=1.0, depth=-2.0, flipHoriz=False, flipVert=False, image='sin', interpolate=True, mask=None, maskParams=None, name='right_stimuli', opacity=1.0, ori=0.0, pos=array([0.3, 0.2]), size=array([0.3, 0.3]), texRes=128.0, units='height', win=Window(...))
11.0582 	EXP 	Created target_stim = ImageStim(__class__=<class 'psychopy.visual.image.ImageStim'>, anchor=('center', 'center'), autoLog=True, color=array([1, 1, 1]), colorSpace='rgb', contrast=1.0, depth=-3.0, flipHoriz=False, flipVert=False, image='sin', interpolate=True, mask=None, maskParams=None, name='target_stim', opacity=1.0, ori=0.0, pos=array([ 0. , -0.2]), size=array([0.2, 0.2]), texRes=128.0, units='height', win=Window(...))
11.0608 	EXP 	Created fix_cross = ShapeStim(__class__=<class 'psychopy.visual.shape.ShapeStim'>, anchor=('center', 'center'), autoDraw=False, autoLog=True, closeShape=True, color=method-wrapper(...), colorSpace='rgb', contrast=None, depth=-1.0, fillColor=array([1, 1, 1]), fillColorSpace='rgb', fillRGB=array([1, 1, 1]), interpolate=True, lineColor=array([1, 1, 1]), lineColorSpace='rgb', lineRGB=array([1, 1, 1]), lineWidth=1.0, name='fix_cross', opacity=1.0, ori=0.0, pos=array([0., 0.]), size=array([0.1, 0.1]), units='height', vertices=ndarray(...), win=Window(...), windingRule=None)
11.0691 	EXP 	Imported chooseBlocksA.xlsx as conditions, 9 conditions, 3 params
11.0702 	EXP 	Created sequence: sequential, trialTypes=9, nReps=2, seed=None
11.0704 	EXP 	New trial (rep=0, index=0): {'condsFile': 'shapes.xlsx', 'readyMSG': 'Comparez les formes', 'jitter': 3}
11.1078 	WARNING 	t of last frame was 2763.99ms (=1/0)
11.1078 	EXP 	textbox: autoLog = True
11.1078 	EXP 	textbox: autoDraw = True
13.0727 	EXP 	Imported shapes.xlsx as conditions, 12 conditions, 5 params
13.0749 	EXP 	Created sequence: random, trialTypes=12, nReps=1, seed=None
13.0754 	EXP 	New trial (rep=0, index=0): {'condition': 'shapes', 'stimuli_left': 'vertical.png', 'stimuli_right': 'circle.png', 'target': 'vertical.png', 'correct_answer': 1}
13.1253 	WARNING 	t of last frame was 64.06ms (=1/15)
13.1253 	EXP 	textbox: autoDraw = False
13.1253 	EXP 	left_stimuli: image = 'vertical.png'
13.1253 	EXP 	right_stimuli: image = 'circle.png'
13.1253 	EXP 	target_stim: image = 'vertical.png'
13.5618 	EXP 	left_stimuli: autoDraw = True
13.5618 	EXP 	right_stimuli: autoDraw = True
13.5618 	EXP 	target_stim: autoDraw = True
17.5462 	EXP 	New trial (rep=0, index=1): {'condition': 'shapes', 'stimuli_left': 'vertical.png', 'stimuli_right': 'orizontal.png', 'target': 'vertical.png', 'correct_answer': 1}
17.5938 	WARNING 	t of last frame was 49.23ms (=1/20)
17.5938 	EXP 	left_stimuli: autoDraw = False
17.5938 	EXP 	right_stimuli: autoDraw = False
17.5938 	EXP 	target_stim: autoDraw = False
17.5938 	EXP 	left_stimuli: autoDraw = False
17.5938 	EXP 	right_stimuli: autoDraw = False
17.5938 	EXP 	target_stim: autoDraw = False
17.5938 	EXP 	left_stimuli: image = 'vertical.png'
17.5938 	EXP 	right_stimuli: image = 'orizontal.png'
17.5938 	EXP 	target_stim: image = 'vertical.png'
18.0611 	EXP 	left_stimuli: autoDraw = True
18.0611 	EXP 	right_stimuli: autoDraw = True
18.0611 	EXP 	target_stim: autoDraw = True
18.2351 	WARNING 	t of last frame was 46.36ms (=1/21)
18.2847 	DATA 	Keypress: escape
18.2889 	WARNING 	Multiple dropped frames have occurred - I'll stop bothering you about them!
18.6775 	EXP 	window1: mouseVisible = True
